<?xml version="1.0" encoding="UTF-8"?>
<!-- Generated by org.testng.reporters.JUnitXMLReporter -->
<testsuite hostname="SSCPLUSL043" ignored="0" name="Home Page test" tests="2" failures="0" timestamp="20 Jun 2023 19:48:58 GMT" time="19.814" errors="0">
  <testcase name="verifyEmailAddressFieldTest" time="3.104" classname="com.qa.houperpro.tests.HomePageTest"/>
  <testcase name="verifyPasswordFieldTest" time="3.104" classname="com.qa.houperpro.tests.HomePageTest"/>
</testsuite> <!-- Home Page test -->
