<?xml version="1.0" encoding="UTF-8"?>
<!-- Generated by org.testng.reporters.JUnitXMLReporter -->
<testsuite hostname="SSCPLUSL043" ignored="0" name="Registration Page test" tests="1" failures="1" timestamp="20 Jun 2023 19:48:38 GMT" time="24.248" errors="0">
  <testcase name="verifyRegisterLinkTest" time="9.409" classname="com.qa.houperpro.tests.RegisterPageTest">
    <failure type="java.lang.AssertionError" message="Header values not matched expected [Submit a New ] but found [Submit a New Record]">
      <![CDATA[java.lang.AssertionError: Header values not matched expected [Submit a New ] but found [Submit a New Record]
at com.qa.houperpro.tests.RegisterPageTest.verifyRegisterLinkTest(RegisterPageTest.java:22)
... Removed 33 stack frames]]>
    </failure>
  </testcase> <!-- verifyRegisterLinkTest -->
</testsuite> <!-- Registration Page test -->
