<?xml version="1.0" encoding="UTF-8"?>
<!-- Generated by org.testng.reporters.JUnitXMLReporter -->
<testsuite ignored="1" hostname="SSCPLUSL043" failures="0" tests="1" name="Default test" time="12.311" errors="0" timestamp="2023-06-30T14:02:48 CDT">
  <testcase classname="com.qa.houpermitproject.tests.CreateProfileTest" name="createIndividualProfile" time="4.757"/>
  <testcase classname="com.qa.houpermitproject.tests.CreateProfileTest" name="createCompanyProfile" time="0.0">
    <ignored/>
  </testcase> <!-- createCompanyProfile -->
</testsuite> <!-- Default test -->
