<?xml version="1.0" encoding="UTF-8"?>
<!-- Generated by org.testng.reporters.JUnitXMLReporter -->
<testsuite ignored="0" hostname="SSCPLUSL043" failures="0" tests="2" name="Electrical Permit Test" time="66.567" errors="0" timestamp="2023-06-29T11:40:31 CDT">
  <testcase classname="com.qa.houpermitproject.tests.ElectricalLicenseTest" name="electricalPermitTest" time="21.261"/>
  <testcase classname="com.qa.houpermitproject.tests.ElectricalLicenseTest" name="electricalPermitTest" time="20.344"/>
</testsuite> <!-- Electrical Permit Test -->
