<?xml version="1.0" encoding="UTF-8"?>
<testsuite xmlns:xsi="http://www.w3.org/2001/XMLSchema-instance" xsi:noNamespaceSchemaLocation="https://maven.apache.org/surefire/maven-surefire-plugin/xsd/surefire-test-report.xsd" name="TestSuite" time="73.598" tests="6" errors="0" skipped="0" failures="4">
  <properties>
[...]
</properties>
  <testcase name="verifyRegisterLinkTest" classname="com.qa.houperpro.tests.RegisterPageTest" time="9.505">
    <failure message="Header values not matched expected [Submit a New ] but found [Submit a New Record]" type="java.lang.AssertionError">java.lang.AssertionError: Header values not matched expected [Submit a New ] but found [Submit a New Record]
	at com.qa.houperpro.tests.RegisterPageTest.verifyRegisterLinkTest(RegisterPageTest.java:22)
</failure>
    <system-out><![CDATA[...
... TestNG 6.14.3 by Cédric Beust (cedric@beust.com)
...

Test Suite started!
Browser name: edge
verifyRegisterLinkTest started!
Register page header : Submit a New Record
Header is: Submit a New Record
]]></system-out>
    <system-err><![CDATA[SLF4J: No SLF4J providers were found.
SLF4J: Defaulting to no-operation (NOP) logger implementation
SLF4J: See https://www.slf4j.org/codes.html#noProviders for further details.
Starting Microsoft Edge WebDriver 109.0.1518.78 (4e4b32c3816309813328e94787b814590ac1116d) on port 58528
To submit feedback, report a bug, or suggest new features, please visit https://github.com/MicrosoftEdge/EdgeWebDriver

Only local connections are allowed.
Please see https://aka.ms/WebDriverSecurity for suggestions on keeping Microsoft Edge WebDriver safe.

Microsoft Edge WebDriver was started successfully.
Jun 20, 2023 2:48:20 PM org.openqa.selenium.remote.ProtocolHandshake createSession
INFO: Detected upstream dialect: W3C
Jun 20, 2023 2:48:20 PM org.openqa.selenium.devtools.CdpVersionFinder findNearestMatch
WARNING: Unable to find an exact match for CDP version 109, so returning the closest version found: a no-op implementation
Jun 20, 2023 2:48:20 PM org.openqa.selenium.devtools.CdpVersionFinder findNearestMatch
INFO: Unable to find CDP implementation matching 109.
Jun 20, 2023 2:48:20 PM org.openqa.selenium.chromium.ChromiumDriver lambda$new$3
WARNING: Unable to find version of CDP to use for . You may need to include a dependency on a specific version of the CDP using something similar to `org.seleniumhq.selenium:selenium-devtools-v86:4.4.0` where the version ("v86") matches the version of the chromium-based browser you're using and the version number of the artifact is the same as Selenium's.
]]></system-err>
  </testcase>
  <testcase name="verifyEmailAddressFieldTest" classname="com.qa.houperpro.tests.HomePageTest" time="3.104"/>
  <testcase name="verifyPasswordFieldTest" classname="com.qa.houperpro.tests.HomePageTest" time="3.104"/>
  <testcase name="verifyLoginToHouPerSiteTest" classname="com.qa.houperpro.tests.LoginPage_HouPerTest" time="1.514">
    <failure message="expected [https://houstontx-tst.rhythmlabs.infor.com/my-dashboard] but found [https://houstontx-tst.rhythmlabs.infor.com/]" type="java.lang.AssertionError">java.lang.AssertionError: expected [https://houstontx-tst.rhythmlabs.infor.com/my-dashboard] but found [https://houstontx-tst.rhythmlabs.infor.com/]
	at com.qa.houperpro.tests.LoginPage_HouPerTest.verifyLoginToHouPerSiteTest(LoginPage_HouPerTest.java:33)
</failure>
    <system-out><![CDATA[verifyPasswordFieldTest passed!
Test Suite is ending!
Test Suite started!
Browser name: edge
verifyLoginToHouPerSiteTest started!
Current URL: https://houstontx-tst.rhythmlabs.infor.com/
]]></system-out>
    <system-err><![CDATA[Starting Microsoft Edge WebDriver 109.0.1518.78 (4e4b32c3816309813328e94787b814590ac1116d) on port 56933
To submit feedback, report a bug, or suggest new features, please visit https://github.com/MicrosoftEdge/EdgeWebDriver

Only local connections are allowed.
Please see https://aka.ms/WebDriverSecurity for suggestions on keeping Microsoft Edge WebDriver safe.

Microsoft Edge WebDriver was started successfully.
Jun 20, 2023 2:49:03 PM org.openqa.selenium.remote.ProtocolHandshake createSession
INFO: Detected upstream dialect: W3C
Jun 20, 2023 2:49:03 PM org.openqa.selenium.devtools.CdpVersionFinder findNearestMatch
WARNING: Unable to find an exact match for CDP version 109, so returning the closest version found: a no-op implementation
Jun 20, 2023 2:49:03 PM org.openqa.selenium.devtools.CdpVersionFinder findNearestMatch
INFO: Unable to find CDP implementation matching 109.
Jun 20, 2023 2:49:03 PM org.openqa.selenium.chromium.ChromiumDriver lambda$new$3
WARNING: Unable to find version of CDP to use for . You may need to include a dependency on a specific version of the CDP using something similar to `org.seleniumhq.selenium:selenium-devtools-v86:4.4.0` where the version ("v86") matches the version of the chromium-based browser you're using and the version number of the artifact is the same as Selenium's.
]]></system-err>
  </testcase>
  <testcase name="verifyLoginToHouPerSiteTest" classname="com.qa.houperpro.tests.LoginPage_HouPerTest" time="0.128">
    <failure message="expected [https://houstontx-tst.rhythmlabs.infor.com/my-dashboard] but found [https://houstontx-tst.rhythmlabs.infor.com/]" type="java.lang.AssertionError">java.lang.AssertionError: expected [https://houstontx-tst.rhythmlabs.infor.com/my-dashboard] but found [https://houstontx-tst.rhythmlabs.infor.com/]
	at com.qa.houperpro.tests.LoginPage_HouPerTest.verifyLoginToHouPerSiteTest(LoginPage_HouPerTest.java:33)
</failure>
    <system-out><![CDATA[verifyLoginToHouPerSiteTest failed!
Browser name: edge
verifyLoginToHouPerSiteTest started!
Current URL: https://houstontx-tst.rhythmlabs.infor.com/
]]></system-out>
    <system-err><![CDATA[Starting Microsoft Edge WebDriver 109.0.1518.78 (4e4b32c3816309813328e94787b814590ac1116d) on port 63889
To submit feedback, report a bug, or suggest new features, please visit https://github.com/MicrosoftEdge/EdgeWebDriver

Only local connections are allowed.
Please see https://aka.ms/WebDriverSecurity for suggestions on keeping Microsoft Edge WebDriver safe.

Microsoft Edge WebDriver was started successfully.
Jun 20, 2023 2:49:11 PM org.openqa.selenium.remote.ProtocolHandshake createSession
INFO: Detected upstream dialect: W3C
Jun 20, 2023 2:49:11 PM org.openqa.selenium.devtools.CdpVersionFinder findNearestMatch
WARNING: Unable to find an exact match for CDP version 109, so returning the closest version found: a no-op implementation
Jun 20, 2023 2:49:11 PM org.openqa.selenium.devtools.CdpVersionFinder findNearestMatch
INFO: Unable to find CDP implementation matching 109.
Jun 20, 2023 2:49:11 PM org.openqa.selenium.chromium.ChromiumDriver lambda$new$3
WARNING: Unable to find version of CDP to use for . You may need to include a dependency on a specific version of the CDP using something similar to `org.seleniumhq.selenium:selenium-devtools-v86:4.4.0` where the version ("v86") matches the version of the chromium-based browser you're using and the version number of the artifact is the same as Selenium's.
]]></system-err>
  </testcase>
  <testcase name="verifyLoginToHouPerSiteTest" classname="com.qa.houperpro.tests.LoginPage_HouPerTest" time="0.144">
    <failure message="expected [https://houstontx-tst.rhythmlabs.infor.com/my-dashboard] but found [https://houstontx-tst.rhythmlabs.infor.com/]" type="java.lang.AssertionError">java.lang.AssertionError: expected [https://houstontx-tst.rhythmlabs.infor.com/my-dashboard] but found [https://houstontx-tst.rhythmlabs.infor.com/]
	at com.qa.houperpro.tests.LoginPage_HouPerTest.verifyLoginToHouPerSiteTest(LoginPage_HouPerTest.java:33)
</failure>
    <system-out><![CDATA[verifyLoginToHouPerSiteTest failed!
Browser name: edge
verifyLoginToHouPerSiteTest started!
Current URL: https://houstontx-tst.rhythmlabs.infor.com/
]]></system-out>
    <system-err><![CDATA[Starting Microsoft Edge WebDriver 109.0.1518.78 (4e4b32c3816309813328e94787b814590ac1116d) on port 50809
To submit feedback, report a bug, or suggest new features, please visit https://github.com/MicrosoftEdge/EdgeWebDriver

Only local connections are allowed.
Please see https://aka.ms/WebDriverSecurity for suggestions on keeping Microsoft Edge WebDriver safe.

Microsoft Edge WebDriver was started successfully.
Jun 20, 2023 2:49:19 PM org.openqa.selenium.remote.ProtocolHandshake createSession
INFO: Detected upstream dialect: W3C
Jun 20, 2023 2:49:19 PM org.openqa.selenium.devtools.CdpVersionFinder findNearestMatch
WARNING: Unable to find an exact match for CDP version 109, so returning the closest version found: a no-op implementation
Jun 20, 2023 2:49:19 PM org.openqa.selenium.devtools.CdpVersionFinder findNearestMatch
INFO: Unable to find CDP implementation matching 109.
Jun 20, 2023 2:49:19 PM org.openqa.selenium.chromium.ChromiumDriver lambda$new$3
WARNING: Unable to find version of CDP to use for . You may need to include a dependency on a specific version of the CDP using something similar to `org.seleniumhq.selenium:selenium-devtools-v86:4.4.0` where the version ("v86") matches the version of the chromium-based browser you're using and the version number of the artifact is the same as Selenium's.
]]></system-err>
  </testcase>
</testsuite>