-------------------------------------------------------------------------------
Test set: TestSuite
-------------------------------------------------------------------------------
Tests run: 6, Failures: 4, Errors: 0, Skipped: 0, Time elapsed: 73.598 s <<< FAILURE! - in TestSuite
verifyRegisterLinkTest(com.qa.houperpro.tests.RegisterPageTest)  Time elapsed: 9.505 s  <<< FAILURE!
java.lang.AssertionError: Header values not matched expected [Submit a New ] but found [Submit a New Record]
	at com.qa.houperpro.tests.RegisterPageTest.verifyRegisterLinkTest(RegisterPageTest.java:22)

verifyLoginToHouPerSiteTest(com.qa.houperpro.tests.LoginPage_HouPerTest)  Time elapsed: 1.514 s  <<< FAILURE!
java.lang.AssertionError: expected [https://houstontx-tst.rhythmlabs.infor.com/my-dashboard] but found [https://houstontx-tst.rhythmlabs.infor.com/]
	at com.qa.houperpro.tests.LoginPage_HouPerTest.verifyLoginToHouPerSiteTest(LoginPage_HouPerTest.java:33)

verifyLoginToHouPerSiteTest(com.qa.houperpro.tests.LoginPage_HouPerTest)  Time elapsed: 0.128 s  <<< FAILURE!
java.lang.AssertionError: expected [https://houstontx-tst.rhythmlabs.infor.com/my-dashboard] but found [https://houstontx-tst.rhythmlabs.infor.com/]
	at com.qa.houperpro.tests.LoginPage_HouPerTest.verifyLoginToHouPerSiteTest(LoginPage_HouPerTest.java:33)

verifyLoginToHouPerSiteTest(com.qa.houperpro.tests.LoginPage_HouPerTest)  Time elapsed: 0.144 s  <<< FAILURE!
java.lang.AssertionError: expected [https://houstontx-tst.rhythmlabs.infor.com/my-dashboard] but found [https://houstontx-tst.rhythmlabs.infor.com/]
	at com.qa.houperpro.tests.LoginPage_HouPerTest.verifyLoginToHouPerSiteTest(LoginPage_HouPerTest.java:33)

