<?xml version="1.0" encoding="UTF-8"?>
<testng-results skipped="0" failed="0" ignored="0" total="1" passed="1">
  <reporter-output>
    <line>
      <![CDATA[User Name:m.nath@sierradigitalinc.comand Password :Sierra@2023]]>
    </line>
  </reporter-output>
  <suite name="HouPerProject suite" duration-ms="16850" started-at="2023-06-30T19:45:06Z" finished-at="2023-06-30T19:45:23Z">
    <groups>
    </groups>
    <test name="Login Test" duration-ms="16850" started-at="2023-06-30T19:45:06Z" finished-at="2023-06-30T19:45:23Z">
      <class name="com.qa.houpermitproject.tests.LoginPage_HouPerTest">
        <test-method status="PASS" signature="setUp()[pri:0, instance:com.qa.houpermitproject.tests.LoginPage_HouPerTest@511505e7]" name="setUp" is-config="true" duration-ms="6463" started-at="2023-06-30T19:45:07Z" finished-at="2023-06-30T19:45:14Z">
          <reporter-output>
          </reporter-output>
        </test-method> <!-- setUp -->
        <test-method status="PASS" signature="verifyLoginToHouPerSiteTest(java.lang.String, java.lang.String)[pri:0, instance:com.qa.houpermitproject.tests.LoginPage_HouPerTest@511505e7]" name="verifyLoginToHouPerSiteTest" duration-ms="6538" started-at="2023-06-30T19:45:14Z" data-provider="getTestData" finished-at="2023-06-30T19:45:20Z">
          <params>
            <param index="0">
              <value>
                <![CDATA[m.nath@sierradigitalinc.com]]>
              </value>
            </param>
            <param index="1">
              <value>
                <![CDATA[Sierra@2023]]>
              </value>
            </param>
          </params>
          <reporter-output>
            <line>
              <![CDATA[User Name:m.nath@sierradigitalinc.comand Password :Sierra@2023]]>
            </line>
          </reporter-output>
        </test-method> <!-- verifyLoginToHouPerSiteTest -->
        <test-method status="PASS" signature="tearDown()[pri:0, instance:com.qa.houpermitproject.tests.LoginPage_HouPerTest@511505e7]" name="tearDown" is-config="true" duration-ms="2751" started-at="2023-06-30T19:45:20Z" finished-at="2023-06-30T19:45:23Z">
          <reporter-output>
          </reporter-output>
        </test-method> <!-- tearDown -->
      </class> <!-- com.qa.houpermitproject.tests.LoginPage_HouPerTest -->
    </test> <!-- Login Test -->
  </suite> <!-- HouPerProject suite -->
</testng-results>
