<?xml version="1.0" encoding="UTF-8"?>
<testng-results ignored="0" total="1" passed="1" failed="0" skipped="0">
  <reporter-output>
    <line>
      <![CDATA[User Name:m.nath@sierradigitalinc.comand Password :Sierra@2023]]>
    </line>
  </reporter-output>
  <suite started-at="2023-07-25T10:28:16 CDT" name="HouPerProject suite" finished-at="2023-07-25T10:28:30 CDT" duration-ms="14183">
    <groups>
    </groups>
    <test started-at="2023-07-25T10:28:16 CDT" name="Login Test" finished-at="2023-07-25T10:28:30 CDT" duration-ms="14183">
      <class name="com.qa.houpermitproject.tests.LoginPage_HouPerTest">
        <test-method is-config="true" signature="setUp()[pri:0, instance:com.qa.houpermitproject.tests.LoginPage_HouPerTest@5adb0db3]" started-at="2023-07-25T10:28:17 CDT" name="setUp" finished-at="2023-07-25T10:28:19 CDT" duration-ms="1940" status="PASS">
          <reporter-output>
          </reporter-output>
        </test-method> <!-- setUp -->
        <test-method signature="verifyLoginToHouPerSiteTest(java.lang.String,java.lang.String)[pri:0, instance:com.qa.houpermitproject.tests.LoginPage_HouPerTest@5adb0db3]" started-at="2023-07-25T10:28:19 CDT" name="verifyLoginToHouPerSiteTest" data-provider="getTestData" finished-at="2023-07-25T10:28:28 CDT" duration-ms="9648" status="PASS">
          <params>
            <param index="0">
              <value>
                <![CDATA[m.nath@sierradigitalinc.com]]>
              </value>
            </param>
            <param index="1">
              <value>
                <![CDATA[Sierra@2023]]>
              </value>
            </param>
          </params>
          <reporter-output>
            <line>
              <![CDATA[User Name:m.nath@sierradigitalinc.comand Password :Sierra@2023]]>
            </line>
          </reporter-output>
        </test-method> <!-- verifyLoginToHouPerSiteTest -->
        <test-method is-config="true" signature="tearDown()[pri:0, instance:com.qa.houpermitproject.tests.LoginPage_HouPerTest@5adb0db3]" started-at="2023-07-25T10:28:28 CDT" name="tearDown" finished-at="2023-07-25T10:28:30 CDT" duration-ms="2196" status="PASS">
          <reporter-output>
          </reporter-output>
        </test-method> <!-- tearDown -->
      </class> <!-- com.qa.houpermitproject.tests.LoginPage_HouPerTest -->
    </test> <!-- Login Test -->
  </suite> <!-- HouPerProject suite -->
</testng-results>
