<?xml version="1.0" encoding="UTF-8"?>
<!-- Generated by org.testng.reporters.JUnitXMLReporter -->
<testsuite ignored="0" hostname="SSCPLUSL043" failures="1" tests="16" name="Rythm - Apply Mechanical Permit Test" time="909.174" errors="0" timestamp="2023-07-19T09:50:55 CDT">
  <testcase classname="com.qa.houpermitproject.tests.Rythm_MechanicalPermitSubmitTest" name="applyForMechaniclPermit" time="47.475"/>
  <testcase classname="com.qa.houpermitproject.tests.Rythm_MechanicalPermitSubmitTest" name="applyForMechaniclPermit" time="46.221"/>
  <testcase classname="com.qa.houpermitproject.tests.Rythm_MechanicalPermitSubmitTest" name="applyForMechaniclPermit" time="5.64">
    <failure type="java.lang.AssertionError" message="expected object to not be null">
      <![CDATA[java.lang.AssertionError: expected object to not be null
at org.testng.Assert.fail(Assert.java:111)
at org.testng.Assert.assertNotNull(Assert.java:1484)
at org.testng.Assert.assertNotNull(Assert.java:1468)
at com.qa.houpermitproject.tests.Rythm_MechanicalPermitSubmitTest.applyForMechaniclPermit(Rythm_MechanicalPermitSubmitTest.java:39)
at java.base/jdk.internal.reflect.NativeMethodAccessorImpl.invoke0(Native Method)
at java.base/jdk.internal.reflect.NativeMethodAccessorImpl.invoke(NativeMethodAccessorImpl.java:77)
at java.base/jdk.internal.reflect.DelegatingMethodAccessorImpl.invoke(DelegatingMethodAccessorImpl.java:43)
at java.base/java.lang.reflect.Method.invoke(Method.java:568)
at org.testng.internal.invokers.MethodInvocationHelper.invokeMethod(MethodInvocationHelper.java:139)
at org.testng.internal.invokers.TestInvoker.invokeMethod(TestInvoker.java:664)
at org.testng.internal.invokers.TestInvoker.invokeTestMethod(TestInvoker.java:227)
at org.testng.internal.invokers.MethodRunner.runInSequence(MethodRunner.java:50)
at org.testng.internal.invokers.TestInvoker$MethodInvocationAgent.invoke(TestInvoker.java:957)
at org.testng.internal.invokers.TestInvoker.invokeTestMethods(TestInvoker.java:200)
at org.testng.internal.invokers.TestMethodWorker.invokeTestMethods(TestMethodWorker.java:148)
at org.testng.internal.invokers.TestMethodWorker.run(TestMethodWorker.java:128)
at java.base/java.util.ArrayList.forEach(ArrayList.java:1511)
at org.testng.TestRunner.privateRun(TestRunner.java:848)
at org.testng.TestRunner.run(TestRunner.java:621)
at org.testng.SuiteRunner.runTest(SuiteRunner.java:443)
at org.testng.SuiteRunner.runSequentially(SuiteRunner.java:437)
at org.testng.SuiteRunner.privateRun(SuiteRunner.java:397)
at org.testng.SuiteRunner.run(SuiteRunner.java:336)
at org.testng.SuiteRunnerWorker.runSuite(SuiteRunnerWorker.java:52)
at org.testng.SuiteRunnerWorker.run(SuiteRunnerWorker.java:95)
at org.testng.TestNG.runSuitesSequentially(TestNG.java:1280)
at org.testng.TestNG.runSuitesLocally(TestNG.java:1200)
at org.testng.TestNG.runSuites(TestNG.java:1114)
at org.testng.TestNG.run(TestNG.java:1082)
at org.testng.remote.AbstractRemoteTestNG.run(AbstractRemoteTestNG.java:115)
at org.testng.remote.RemoteTestNG.initAndRun(RemoteTestNG.java:251)
at org.testng.remote.RemoteTestNG.main(RemoteTestNG.java:77)
]]>
    </failure>
  </testcase> <!-- applyForMechaniclPermit -->
  <testcase classname="com.qa.houpermitproject.tests.Rythm_MechanicalPermitSubmitTest" name="applyForMechaniclPermit" time="46.304"/>
  <testcase classname="com.qa.houpermitproject.tests.Rythm_MechanicalPermitSubmitTest" name="applyForMechaniclPermit" time="47.2"/>
  <testcase classname="com.qa.houpermitproject.tests.Rythm_MechanicalPermitSubmitTest" name="applyForMechaniclPermit" time="47.338"/>
  <testcase classname="com.qa.houpermitproject.tests.Rythm_MechanicalPermitSubmitTest" name="applyForMechaniclPermit" time="46.189"/>
  <testcase classname="com.qa.houpermitproject.tests.Rythm_MechanicalPermitSubmitTest" name="applyForMechaniclPermit" time="46.265"/>
  <testcase classname="com.qa.houpermitproject.tests.Rythm_MechanicalPermitSubmitTest" name="applyForMechaniclPermit" time="46.174"/>
  <testcase classname="com.qa.houpermitproject.tests.Rythm_MechanicalPermitSubmitTest" name="applyForMechaniclPermit" time="46.202"/>
  <testcase classname="com.qa.houpermitproject.tests.Rythm_MechanicalPermitSubmitTest" name="applyForMechaniclPermit" time="46.263"/>
  <testcase classname="com.qa.houpermitproject.tests.Rythm_MechanicalPermitSubmitTest" name="applyForMechaniclPermit" time="47.728"/>
  <testcase classname="com.qa.houpermitproject.tests.Rythm_MechanicalPermitSubmitTest" name="applyForMechaniclPermit" time="46.07"/>
  <testcase classname="com.qa.houpermitproject.tests.Rythm_MechanicalPermitSubmitTest" name="applyForMechaniclPermit" time="46.079"/>
  <testcase classname="com.qa.houpermitproject.tests.Rythm_MechanicalPermitSubmitTest" name="applyForMechaniclPermit" time="46.218"/>
  <testcase classname="com.qa.houpermitproject.tests.Rythm_MechanicalPermitSubmitTest" name="applyForMechaniclPermit" time="46.447"/>
</testsuite> <!-- Rythm - Apply Mechanical Permit Test -->
